::1 - - [19/Mar/2016:09:37:01 +0100] "GET / HTTP/1.1" 200 9716
::1 - - [19/Mar/2016:09:37:02 +0100] "GET /css/base.css HTTP/1.1" 200 3313
::1 - - [19/Mar/2016:09:37:02 +0100] "GET /css/style.css HTTP/1.1" 200 6830
::1 - - [19/Mar/2016:09:37:02 +0100] "GET /lib/jquery-2.1.4.min.js HTTP/1.1" 200 84346
::1 - - [19/Mar/2016:09:37:02 +0100] "GET /lib/jquery-ui.min.js HTTP/1.1" 200 240428
::1 - - [19/Mar/2016:09:37:02 +0100] "GET /inc/js/utils.js HTTP/1.1" 200 2991
::1 - - [19/Mar/2016:09:37:02 +0100] "GET /inc/js/jQueryUtils.js HTTP/1.1" 200 3250
::1 - - [19/Mar/2016:09:37:02 +0100] "GET /inc/js/dialog.js HTTP/1.1" 200 4204
::1 - - [19/Mar/2016:09:37:02 +0100] "GET /inc/js/form.js HTTP/1.1" 200 4961
::1 - - [19/Mar/2016:09:37:02 +0100] "GET /inc/js/inputTP.js HTTP/1.1" 200 21766
::1 - - [19/Mar/2016:09:37:02 +0100] "GET /css/part.css HTTP/1.1" 200 988
::1 - - [19/Mar/2016:09:37:02 +0100] "GET /inc/js/chap.js HTTP/1.1" 200 10804
::1 - - [19/Mar/2016:09:37:02 +0100] "GET /inc/js/part.js HTTP/1.1" 200 10832
::1 - - [19/Mar/2016:09:37:02 +0100] "GET /inc/js/project.js HTTP/1.1" 200 9375
::1 - - [19/Mar/2016:09:37:02 +0100] "GET /inc/js/events.js HTTP/1.1" 200 10082
::1 - - [19/Mar/2016:09:37:02 +0100] "GET /inc/js/app.js HTTP/1.1" 200 3240
::1 - - [19/Mar/2016:09:37:02 +0100] "GET /css/tp.css HTTP/1.1" 200 8961
::1 - - [19/Mar/2016:09:37:02 +0100] "GET /css/project.css HTTP/1.1" 200 860
::1 - - [19/Mar/2016:09:37:02 +0100] "GET /lib/jquery-ui.min.css HTTP/1.1" 200 30022
::1 - - [19/Mar/2016:09:37:02 +0100] "GET /inc/js/tp.js HTTP/1.1" 200 11061
::1 - - [19/Mar/2016:09:37:02 +0100] "GET /css/chap.css HTTP/1.1" 200 861
::1 - - [19/Mar/2016:09:37:02 +0100] "GET /img/icons/loading.gif HTTP/1.1" 200 11845
::1 - - [19/Mar/2016:09:37:02 +0100] "GET /inc/php/checkProject.php?_=1458376622159 HTTP/1.1" 200 3
::1 - - [19/Mar/2016:09:37:02 +0100] "GET /lib/images/ui-bg_glass_75_e6e6e6_1x400.png HTTP/1.1" 200 262
::1 - - [19/Mar/2016:09:37:02 +0100] "GET /lib/images/ui-icons_888888_256x240.png HTTP/1.1" 200 6999
::1 - - [19/Mar/2016:09:37:02 +0100] "GET /lib/images/ui-bg_flat_0_aaaaaa_40x100.png HTTP/1.1" 200 212
::1 - - [19/Mar/2016:09:37:02 +0100] "GET /img/icons/import.png HTTP/1.1" 200 1244
::1 - - [19/Mar/2016:09:37:02 +0100] "GET /img/icons/add.png HTTP/1.1" 200 1213
::1 - - [19/Mar/2016:09:37:02 +0100] "GET /lib/images/ui-bg_glass_75_dadada_1x400.png HTTP/1.1" 200 262
::1 - - [19/Mar/2016:09:37:02 +0100] "GET /inc/php/scanDir.php?dir=&type=projet&_=1458376622160 HTTP/1.1" 200 -
::1 - - [19/Mar/2016:09:37:02 +0100] "GET /favicon.ico HTTP/1.1" 404 309
::1 - - [19/Mar/2016:09:37:02 +0100] "GET /favicon.ico HTTP/1.1" 404 309
127.0.0.1 - - [19/Mar/2016:09:50:55 +0100] "GET / HTTP/1.1" 200 9716
127.0.0.1 - - [19/Mar/2016:09:50:55 +0100] "GET /css/base.css HTTP/1.1" 200 3313
127.0.0.1 - - [19/Mar/2016:09:50:55 +0100] "GET /lib/jquery-ui.min.css HTTP/1.1" 200 30022
127.0.0.1 - - [19/Mar/2016:09:50:55 +0100] "GET /css/style.css HTTP/1.1" 200 6830
127.0.0.1 - - [19/Mar/2016:09:50:55 +0100] "GET /lib/jquery-2.1.4.min.js HTTP/1.1" 200 84346
127.0.0.1 - - [19/Mar/2016:09:50:55 +0100] "GET /css/part.css HTTP/1.1" 200 988
127.0.0.1 - - [19/Mar/2016:09:50:55 +0100] "GET /css/tp.css HTTP/1.1" 200 8961
127.0.0.1 - - [19/Mar/2016:09:50:55 +0100] "GET /inc/js/utils.js HTTP/1.1" 200 2991
127.0.0.1 - - [19/Mar/2016:09:50:55 +0100] "GET /inc/js/dialog.js HTTP/1.1" 200 4204
127.0.0.1 - - [19/Mar/2016:09:50:55 +0100] "GET /inc/js/form.js HTTP/1.1" 200 4961
127.0.0.1 - - [19/Mar/2016:09:50:55 +0100] "GET /inc/js/tp.js HTTP/1.1" 200 11061
127.0.0.1 - - [19/Mar/2016:09:50:55 +0100] "GET /inc/js/chap.js HTTP/1.1" 200 10804
127.0.0.1 - - [19/Mar/2016:09:50:55 +0100] "GET /inc/js/part.js HTTP/1.1" 200 10832
127.0.0.1 - - [19/Mar/2016:09:50:55 +0100] "GET /inc/js/project.js HTTP/1.1" 200 9375
127.0.0.1 - - [19/Mar/2016:09:50:55 +0100] "GET /inc/js/events.js HTTP/1.1" 200 10082
127.0.0.1 - - [19/Mar/2016:09:50:55 +0100] "GET /inc/js/app.js HTTP/1.1" 200 3240
127.0.0.1 - - [19/Mar/2016:09:50:55 +0100] "GET /inc/js/jQueryUtils.js HTTP/1.1" 200 3250
127.0.0.1 - - [19/Mar/2016:09:50:55 +0100] "GET /inc/js/inputTP.js HTTP/1.1" 200 21766
127.0.0.1 - - [19/Mar/2016:09:50:55 +0100] "GET /lib/jquery-ui.min.js HTTP/1.1" 200 240428
127.0.0.1 - - [19/Mar/2016:09:50:55 +0100] "GET /css/project.css HTTP/1.1" 200 860
127.0.0.1 - - [19/Mar/2016:09:50:55 +0100] "GET /css/chap.css HTTP/1.1" 200 861
127.0.0.1 - - [19/Mar/2016:09:50:55 +0100] "GET /img/icons/loading.gif HTTP/1.1" 200 11845
127.0.0.1 - - [19/Mar/2016:09:50:56 +0100] "GET /inc/php/checkProject.php?_=1458377455972 HTTP/1.1" 200 3
127.0.0.1 - - [19/Mar/2016:09:50:56 +0100] "GET /img/icons/add.png HTTP/1.1" 200 1213
127.0.0.1 - - [19/Mar/2016:09:50:56 +0100] "GET /img/icons/import.png HTTP/1.1" 200 1244
127.0.0.1 - - [19/Mar/2016:09:50:56 +0100] "GET /inc/php/scanDir.php?dir=&type=projet&_=1458377455973 HTTP/1.1" 200 -
127.0.0.1 - - [19/Mar/2016:09:50:56 +0100] "GET /favicon.ico HTTP/1.1" 404 311
127.0.0.1 - - [19/Mar/2016:09:50:56 +0100] "GET /favicon.ico HTTP/1.1" 404 311
::1 - - [19/Mar/2016:09:51:01 +0100] "GET /inc/php/checkProject.php?_=1458377461488 HTTP/1.1" 200 3
::1 - - [19/Mar/2016:09:51:01 +0100] "GET /inc/php/scanDir.php?dir=&type=projet&_=1458377461489 HTTP/1.1" 200 -
::1 - - [19/Mar/2016:09:51:17 +0100] "POST /inc/php/addEl.php HTTP/1.1" 200 1
::1 - - [19/Mar/2016:09:51:17 +0100] "GET /APK-tools/projet_1/config.json?_=1458377461490 HTTP/1.1" 200 79
::1 - - [19/Mar/2016:09:51:17 +0100] "GET /img/icons/folder.png HTTP/1.1" 200 1745
::1 - - [19/Mar/2016:09:51:17 +0100] "GET /img/icons/action-black.png HTTP/1.1" 200 817
::1 - - [19/Mar/2016:09:51:17 +0100] "GET /img/icons/edit-black.png HTTP/1.1" 200 163
::1 - - [19/Mar/2016:09:51:17 +0100] "GET /inc/php/scanDir.php?dir=projet_1&type=partie&_=1458377461491 HTTP/1.1" 200 -
::1 - - [19/Mar/2016:09:51:20 +0100] "GET /lib/images/ui-icons_454545_256x240.png HTTP/1.1" 200 6992
::1 - - [19/Mar/2016:09:51:22 +0100] "GET /img/icons/cross-red.png HTTP/1.1" 200 268
::1 - - [19/Mar/2016:09:51:24 +0100] "GET /inc/php/delEl.php?project=1&_=1458377461492 HTTP/1.1" 200 2
::1 - - [19/Mar/2016:09:54:40 +0100] "GET / HTTP/1.1" 200 578
::1 - - [19/Mar/2016:09:54:40 +0100] "GET /icons/blank.gif HTTP/1.1" 200 148
::1 - - [19/Mar/2016:09:54:43 +0100] "GET / HTTP/1.1" 200 578
::1 - - [19/Mar/2016:09:55:11 +0100] "GET /www HTTP/1.1" 404 303
::1 - - [19/Mar/2016:09:55:11 +0100] "GET / HTTP/1.1" 200 578
::1 - - [19/Mar/2016:09:55:27 +0100] "GET / HTTP/1.1" 200 578
::1 - - [19/Mar/2016:09:55:37 +0100] "GET / HTTP/1.1" 200 578
::1 - - [19/Mar/2016:09:55:37 +0100] "GET /icons/blank.gif HTTP/1.1" 304 -
::1 - - [19/Mar/2016:09:55:38 +0100] "GET / HTTP/1.1" 200 578
::1 - - [19/Mar/2016:09:55:38 +0100] "GET /icons/blank.gif HTTP/1.1" 304 -
::1 - - [19/Mar/2016:09:55:39 +0100] "GET / HTTP/1.1" 200 578
::1 - - [19/Mar/2016:09:55:39 +0100] "GET /icons/blank.gif HTTP/1.1" 304 -
::1 - - [19/Mar/2016:09:55:40 +0100] "GET / HTTP/1.1" 200 578
::1 - - [19/Mar/2016:09:55:40 +0100] "GET /icons/blank.gif HTTP/1.1" 304 -
::1 - - [19/Mar/2016:09:55:41 +0100] "GET / HTTP/1.1" 200 578
::1 - - [19/Mar/2016:09:55:41 +0100] "GET /icons/blank.gif HTTP/1.1" 304 -
::1 - - [21/Sep/2016:17:38:04 +0200] "GET /uwamp/phpinfo.php HTTP/1.1" 200 87218
::1 - - [21/Sep/2016:17:38:04 +0200] "GET /favicon.ico HTTP/1.1" 404 311
::1 - - [21/Sep/2016:17:38:04 +0200] "GET /favicon.ico HTTP/1.1" 404 311
::1 - - [21/Sep/2016:17:38:10 +0200] "GET / HTTP/1.1" 200 10053
::1 - - [21/Sep/2016:17:38:11 +0200] "GET /css/base.css HTTP/1.1" 200 3313
::1 - - [21/Sep/2016:17:38:11 +0200] "GET /lib/jquery-ui.min.css HTTP/1.1" 200 30747
::1 - - [21/Sep/2016:17:38:11 +0200] "GET /css/style.css HTTP/1.1" 200 7274
::1 - - [21/Sep/2016:17:38:11 +0200] "GET /css/project.css HTTP/1.1" 200 864
::1 - - [21/Sep/2016:17:38:11 +0200] "GET /lib/jquery-ui.min.js HTTP/1.1" 200 253668
::1 - - [21/Sep/2016:17:38:11 +0200] "GET /css/part.css HTTP/1.1" 200 992
::1 - - [21/Sep/2016:17:38:11 +0200] "GET /lib/jquery-2.min.js HTTP/1.1" 200 85578
::1 - - [21/Sep/2016:17:38:11 +0200] "GET /inc/js/utils.js HTTP/1.1" 200 2996
::1 - - [21/Sep/2016:17:38:11 +0200] "GET /css/chap.css HTTP/1.1" 200 865
::1 - - [21/Sep/2016:17:38:11 +0200] "GET /inc/js/jQueryUtils.js HTTP/1.1" 200 3595
::1 - - [21/Sep/2016:17:38:11 +0200] "GET /inc/js/form.js HTTP/1.1" 200 5108
::1 - - [21/Sep/2016:17:38:11 +0200] "GET /inc/js/tp.js HTTP/1.1" 200 12139
::1 - - [21/Sep/2016:17:38:11 +0200] "GET /inc/js/dialog.js HTTP/1.1" 200 4208
::1 - - [21/Sep/2016:17:38:11 +0200] "GET /inc/js/inputTP.js HTTP/1.1" 200 23766
::1 - - [21/Sep/2016:17:38:11 +0200] "GET /inc/js/project.js HTTP/1.1" 200 9451
::1 - - [21/Sep/2016:17:38:11 +0200] "GET /inc/js/chap.js HTTP/1.1" 200 10863
::1 - - [21/Sep/2016:17:38:11 +0200] "GET /inc/js/part.js HTTP/1.1" 200 10890
::1 - - [21/Sep/2016:17:38:11 +0200] "GET /inc/js/events.js HTTP/1.1" 200 10415
::1 - - [21/Sep/2016:17:38:11 +0200] "GET /inc/js/app.js HTTP/1.1" 200 3755
::1 - - [21/Sep/2016:17:38:11 +0200] "GET /css/tp.css HTTP/1.1" 200 9163
::1 - - [21/Sep/2016:17:38:11 +0200] "GET /img/icons/loading.gif HTTP/1.1" 200 11845
::1 - - [21/Sep/2016:17:38:11 +0200] "GET /img/icons/backtop.png HTTP/1.1" 200 1462
::1 - - [21/Sep/2016:17:38:11 +0200] "GET /img/favicon.png HTTP/1.1" 200 16559
::1 - - [21/Sep/2016:17:38:11 +0200] "GET /inc/php/checkProject.php?_=1474472291233 HTTP/1.1" 200 3
::1 - - [21/Sep/2016:17:38:11 +0200] "GET /img/icons/import.png HTTP/1.1" 200 1244
::1 - - [21/Sep/2016:17:38:11 +0200] "GET /img/icons/add.png HTTP/1.1" 200 1213
::1 - - [21/Sep/2016:17:38:11 +0200] "GET /inc/php/scanDir.php?dir=&type=projet&_=1474472291234 HTTP/1.1" 200 9
::1 - - [21/Sep/2016:17:38:11 +0200] "GET /EDUC-tools/projet_1/config.json?_=1474472291235 HTTP/1.1" 200 244
::1 - - [21/Sep/2016:17:38:11 +0200] "GET /img/icons/folder.png HTTP/1.1" 200 1745
::1 - - [21/Sep/2016:17:38:13 +0200] "GET /img/icons/edit-black.png HTTP/1.1" 200 163
::1 - - [21/Sep/2016:17:38:13 +0200] "GET /img/icons/cross-red.png HTTP/1.1" 200 268
::1 - - [21/Sep/2016:17:38:13 +0200] "GET /img/icons/action-black.png HTTP/1.1" 200 817
::1 - - [21/Sep/2016:17:38:13 +0200] "GET /inc/php/scanDir.php?dir=projet_1&type=partie&_=1474472291236 HTTP/1.1" 200 54
::1 - - [21/Sep/2016:17:38:13 +0200] "GET /EDUC-tools/projet_1/partie_0/config.json?_=1474472291237 HTTP/1.1" 200 210
::1 - - [21/Sep/2016:17:38:13 +0200] "GET /EDUC-tools/projet_1/partie_1/config.json?_=1474472291238 HTTP/1.1" 200 258
::1 - - [21/Sep/2016:17:38:13 +0200] "GET /EDUC-tools/projet_1/partie_2/config.json?_=1474472291239 HTTP/1.1" 200 307
::1 - - [21/Sep/2016:17:38:13 +0200] "GET /img/icons/general_part.png HTTP/1.1" 200 2793
::1 - - [21/Sep/2016:17:38:13 +0200] "GET /EDUC-tools/projet_1/partie_1/icone.jpg?d=1474472293118 HTTP/1.1" 200 5979
::1 - - [21/Sep/2016:17:38:13 +0200] "GET /EDUC-tools/projet_1/partie_3/config.json?_=1474472291240 HTTP/1.1" 200 212
::1 - - [21/Sep/2016:17:38:13 +0200] "GET /EDUC-tools/projet_1/partie_2/icone.jpg?d=1474472293130 HTTP/1.1" 200 89039
::1 - - [21/Sep/2016:17:38:13 +0200] "GET /EDUC-tools/projet_1/partie_4/config.json?_=1474472291241 HTTP/1.1" 200 274
::1 - - [21/Sep/2016:17:38:13 +0200] "GET /EDUC-tools/projet_1/partie_5/config.json?_=1474472291242 HTTP/1.1" 200 196
::1 - - [21/Sep/2016:17:38:13 +0200] "GET /EDUC-tools/projet_1/partie_3/icone.jpg?d=1474472293140 HTTP/1.1" 200 50118
::1 - - [21/Sep/2016:17:38:13 +0200] "GET /EDUC-tools/projet_1/partie_4/icone.jpg?d=1474472293146 HTTP/1.1" 200 22305
::1 - - [21/Sep/2016:17:38:13 +0200] "GET /EDUC-tools/projet_1/partie_5/icone.jpg?d=1474472293157 HTTP/1.1" 200 16720
::1 - - [21/Sep/2016:17:38:14 +0200] "GET /EDUC-tools/projet_1/config.json?_=1474472291243 HTTP/1.1" 200 244
::1 - - [21/Sep/2016:17:38:14 +0200] "GET /lib/images/ui-icons_777777_256x240.png HTTP/1.1" 200 6999
::1 - - [21/Sep/2016:17:38:16 +0200] "POST /inc/php/addEl.php HTTP/1.1" 200 1
::1 - - [21/Sep/2016:17:38:16 +0200] "GET /EDUC-tools/projet_1/config.json?_=1474472291244 HTTP/1.1" 200 245
::1 - - [21/Sep/2016:17:38:16 +0200] "GET /inc/php/scanDir.php?dir=projet_1&type=partie&_=1474472291245 HTTP/1.1" 200 54
::1 - - [21/Sep/2016:17:38:16 +0200] "GET /EDUC-tools/projet_1/partie_0/config.json?_=1474472291246 HTTP/1.1" 200 210
::1 - - [21/Sep/2016:17:38:16 +0200] "GET /EDUC-tools/projet_1/partie_1/config.json?_=1474472291247 HTTP/1.1" 200 258
::1 - - [21/Sep/2016:17:38:16 +0200] "GET /EDUC-tools/projet_1/partie_2/config.json?_=1474472291248 HTTP/1.1" 200 307
::1 - - [21/Sep/2016:17:38:16 +0200] "GET /EDUC-tools/projet_1/partie_1/icone.jpg?d=1474472296704 HTTP/1.1" 200 5979
::1 - - [21/Sep/2016:17:38:16 +0200] "GET /EDUC-tools/projet_1/partie_2/icone.jpg?d=1474472296712 HTTP/1.1" 200 89039
::1 - - [21/Sep/2016:17:38:16 +0200] "GET /EDUC-tools/projet_1/partie_3/config.json?_=1474472291249 HTTP/1.1" 200 212
::1 - - [21/Sep/2016:17:38:16 +0200] "GET /EDUC-tools/projet_1/partie_4/config.json?_=1474472291250 HTTP/1.1" 200 274
::1 - - [21/Sep/2016:17:38:16 +0200] "GET /EDUC-tools/projet_1/partie_3/icone.jpg?d=1474472296732 HTTP/1.1" 200 50118
::1 - - [21/Sep/2016:17:38:16 +0200] "GET /EDUC-tools/projet_1/partie_5/config.json?_=1474472291251 HTTP/1.1" 200 196
::1 - - [21/Sep/2016:17:38:16 +0200] "GET /EDUC-tools/projet_1/partie_4/icone.jpg?d=1474472296748 HTTP/1.1" 200 22305
::1 - - [21/Sep/2016:17:38:16 +0200] "GET /EDUC-tools/projet_1/partie_5/icone.jpg?d=1474472296777 HTTP/1.1" 200 16720
::1 - - [21/Sep/2016:17:38:18 +0200] "GET /inc/php/exportEl.php?project=1&_=1474472291252 HTTP/1.1" 200 33
::1 - - [21/Sep/2016:17:38:21 +0200] "GET /tmp/EDUC-tools-1_Le_corps_humainj.zip HTTP/1.1" 200 24328222
::1 - - [21/Sep/2016:17:38:23 +0200] "GET /lib/images/ui-icons_555555_256x240.png HTTP/1.1" 200 6988
::1 - - [21/Sep/2016:17:38:23 +0200] "GET /lib/images/ui-icons_ffffff_256x240.png HTTP/1.1" 200 6299
::1 - - [21/Sep/2016:17:38:25 +0200] "GET /inc/php/scanDir.php?dir=projet_1/partie_0&type=chapitre&_=1474472291253 HTTP/1.1" 200 44
::1 - - [21/Sep/2016:17:38:25 +0200] "GET /EDUC-tools/projet_1/partie_0/chapitre_1/config.json?_=1474472291254 HTTP/1.1" 200 102
::1 - - [21/Sep/2016:17:38:25 +0200] "GET /EDUC-tools/projet_1/partie_0/chapitre_2/config.json?_=1474472291255 HTTP/1.1" 200 212
::1 - - [21/Sep/2016:17:38:25 +0200] "GET /EDUC-tools/projet_1/partie_0/chapitre_3/config.json?_=1474472291256 HTTP/1.1" 200 117
::1 - - [21/Sep/2016:17:38:25 +0200] "GET /EDUC-tools/projet_1/partie_0/chapitre_1/icone.jpg?d=1474472305122 HTTP/1.1" 200 281026
::1 - - [21/Sep/2016:17:38:25 +0200] "GET /EDUC-tools/projet_1/partie_0/chapitre_4/config.json?_=1474472291257 HTTP/1.1" 200 112
::1 - - [21/Sep/2016:17:38:26 +0200] "GET /img/icons/texte.png HTTP/1.1" 200 678
::1 - - [21/Sep/2016:17:38:26 +0200] "GET /img/icons/separ.png HTTP/1.1" 200 432
::1 - - [21/Sep/2016:17:38:26 +0200] "GET /img/icons/video.png HTTP/1.1" 200 523
::1 - - [21/Sep/2016:17:38:26 +0200] "GET /img/icons/son.png HTTP/1.1" 200 391
::1 - - [21/Sep/2016:17:38:26 +0200] "GET /img/icons/objet.png HTTP/1.1" 200 561
::1 - - [21/Sep/2016:17:38:26 +0200] "GET /EDUC-tools/projet_1/partie_0/chapitre_1/tp.json?_=1474472291258 HTTP/1.1" 200 201
::1 - - [21/Sep/2016:17:38:26 +0200] "GET /img/icons/lien.png HTTP/1.1" 200 546
::1 - - [21/Sep/2016:17:38:26 +0200] "GET /img/icons/contact.png HTTP/1.1" 200 486
::1 - - [21/Sep/2016:17:38:26 +0200] "GET /img/icons/source.png HTTP/1.1" 200 1876
::1 - - [21/Sep/2016:17:38:26 +0200] "GET /img/icons/author.png HTTP/1.1" 200 1189
::1 - - [21/Sep/2016:17:38:26 +0200] "GET /img/icons/html.png HTTP/1.1" 200 1226
::1 - - [21/Sep/2016:17:38:26 +0200] "GET /img/icons/image.png HTTP/1.1" 200 337
::1 - - [21/Sep/2016:17:38:26 +0200] "GET /img/icons/titre.png HTTP/1.1" 200 321
::1 - - [21/Sep/2016:17:38:26 +0200] "GET /img/icons/note.png HTTP/1.1" 200 1527
::1 - - [21/Sep/2016:17:38:26 +0200] "GET /img/icons/folder_part.png HTTP/1.1" 200 1487
::1 - - [21/Sep/2016:17:38:26 +0200] "GET /EDUC-tools/projet_1/res/info.json?_=1474472291259 HTTP/1.1" 200 1126
::1 - - [21/Sep/2016:17:38:26 +0200] "GET /img/icons/arrow-d-black.png HTTP/1.1" 200 146
::1 - - [21/Sep/2016:17:38:26 +0200] "GET /EDUC-tools/projet_1/partie_0/chapitre_1/image/.jpg?date=1474472306576 HTTP/1.1" 200 71936
::1 - - [21/Sep/2016:17:38:26 +0200] "GET /img/icons/arrow-u-black.png HTTP/1.1" 200 147
::1 - - [21/Sep/2016:17:38:26 +0200] "GET /EDUC-tools/projet_1/res/doctissimo_logo.png?date=1474472306638 HTTP/1.1" 200 11724
::1 - - [21/Sep/2016:17:38:26 +0200] "GET /EDUC-tools/projet_1/res/?date=1474472306644 HTTP/1.1" 200 1699
::1 - - [21/Sep/2016:17:38:26 +0200] "GET /EDUC-tools/projet_1/res/wikipedia-logo.jpg?date=1474472306648 HTTP/1.1" 200 23870
::1 - - [21/Sep/2016:17:38:58 +0200] "POST /inc/php/addMod.php HTTP/1.1" 200 5
::1 - - [21/Sep/2016:17:38:58 +0200] "GET /EDUC-tools/projet_1/partie_0/chapitre_1/tp.json?_=1474472291260 HTTP/1.1" 200 312
::1 - - [21/Sep/2016:17:38:58 +0200] "GET /EDUC-tools/projet_1/partie_0/chapitre_1/image/20150801_173305.jpg?date=1474472338389 HTTP/1.1" 200 483861
::1 - - [21/Sep/2016:17:39:05 +0200] "GET /inc/php/delMod.php?project=1&part=0&chap=1&type=image&mod=6&_=1474472291261 HTTP/1.1" 200 5
::1 - - [21/Sep/2016:17:39:08 +0200] "GET /inc/php/scanDir.php?dir=projet_1/partie_1&type=chapitre&_=1474472291262 HTTP/1.1" 200 44
::1 - - [21/Sep/2016:17:39:08 +0200] "GET /EDUC-tools/projet_1/partie_1/chapitre_1/config.json?_=1474472291263 HTTP/1.1" 200 123
::1 - - [21/Sep/2016:17:39:08 +0200] "GET /EDUC-tools/projet_1/partie_1/chapitre_2/config.json?_=1474472291264 HTTP/1.1" 200 95
::1 - - [21/Sep/2016:17:39:08 +0200] "GET /EDUC-tools/projet_1/partie_1/chapitre_3/config.json?_=1474472291265 HTTP/1.1" 200 116
::1 - - [21/Sep/2016:17:39:08 +0200] "GET /EDUC-tools/projet_1/partie_1/chapitre_4/config.json?_=1474472291266 HTTP/1.1" 200 99
::1 - - [21/Sep/2016:17:39:08 +0200] "GET /EDUC-tools/projet_1/partie_1/chapitre_1/icone.jpg?d=1474472348952 HTTP/1.1" 200 281026
::1 - - [21/Sep/2016:17:39:09 +0200] "GET /EDUC-tools/projet_1/partie_1/chapitre_2/icone.png?d=1474472348958 HTTP/1.1" 200 719779
::1 - - [21/Sep/2016:17:39:13 +0200] "GET /EDUC-tools/projet_1/partie_1/chapitre_3/icone.png?d=1474472348963 HTTP/1.1" 200 166671
